OPTIONS - url: "/login" status: 204 | (0.685 ms) [Wed, 07 Feb 2024 11:32:10 GMT]
GET - url: "/login" status: 401 | (6.932 ms) [Wed, 07 Feb 2024 11:32:10 GMT]
OPTIONS - url: "/login" status: 204 | (0.246 ms) [Wed, 07 Feb 2024 11:32:20 GMT]
POST - url: "/login" status: 200 | (87.140 ms) [Wed, 07 Feb 2024 11:32:20 GMT]
GET - url: "/login" status: 200 | (3.325 ms) [Wed, 07 Feb 2024 11:32:20 GMT]
GET - url: "/users" status: 304 | (10.561 ms) [Wed, 07 Feb 2024 11:32:20 GMT]
OPTIONS - url: "/login" status: 204 | (0.210 ms) [Wed, 07 Feb 2024 11:33:05 GMT]
GET - url: "/login" status: 401 | (2.433 ms) [Wed, 07 Feb 2024 11:33:05 GMT]
OPTIONS - url: "/login" status: 204 | (0.134 ms) [Wed, 07 Feb 2024 11:33:12 GMT]
POST - url: "/login" status: 200 | (80.255 ms) [Wed, 07 Feb 2024 11:33:12 GMT]
GET - url: "/login" status: 200 | (2.897 ms) [Wed, 07 Feb 2024 11:33:12 GMT]
GET - url: "/users" status: 304 | (25.659 ms) [Wed, 07 Feb 2024 11:33:12 GMT]
OPTIONS - url: "/login" status: 204 | (0.197 ms) [Wed, 07 Feb 2024 11:33:54 GMT]
POST - url: "/login" status: 200 | (91.010 ms) [Wed, 07 Feb 2024 11:33:54 GMT]
GET - url: "/login" status: 200 | (2.613 ms) [Wed, 07 Feb 2024 11:33:54 GMT]
GET - url: "/users" status: 304 | (19.288 ms) [Wed, 07 Feb 2024 11:33:54 GMT]
OPTIONS - url: "/login" status: 204 | (0.502 ms) [Wed, 07 Feb 2024 11:35:18 GMT]
GET - url: "/login" status: 304 | (4.369 ms) [Wed, 07 Feb 2024 11:35:18 GMT]
GET - url: "/login" status: 304 | (2.359 ms) [Wed, 07 Feb 2024 11:35:19 GMT]
GET - url: "/users" status: 304 | (40.339 ms) [Wed, 07 Feb 2024 11:35:19 GMT]
OPTIONS - url: "/login" status: 204 | (0.185 ms) [Wed, 07 Feb 2024 11:35:19 GMT]
GET - url: "/login" status: 304 | (2.417 ms) [Wed, 07 Feb 2024 11:35:19 GMT]
GET - url: "/login" status: 304 | (2.242 ms) [Wed, 07 Feb 2024 11:35:19 GMT]
GET - url: "/users" status: 304 | (9.337 ms) [Wed, 07 Feb 2024 11:35:19 GMT]
OPTIONS - url: "/login" status: 204 | (0.287 ms) [Wed, 07 Feb 2024 11:36:29 GMT]
GET - url: "/login" status: 304 | (1.854 ms) [Wed, 07 Feb 2024 11:36:29 GMT]
GET - url: "/login" status: 304 | (1.877 ms) [Wed, 07 Feb 2024 11:36:29 GMT]
GET - url: "/users" status: 304 | (5.597 ms) [Wed, 07 Feb 2024 11:36:29 GMT]
OPTIONS - url: "/signup" status: 204 | (0.132 ms) [Wed, 07 Feb 2024 11:36:53 GMT]
POST - url: "/signup" status: 200 | (77.328 ms) [Wed, 07 Feb 2024 11:36:53 GMT]
